<?xml version="1.0" encoding="UTF-8"?><testrun name="TestRunner" project="CucumberDemo" tests="1" started="1" failures="0" errors="1" ignored="0">
  <testsuite name="com.CG.TestRunner.TestRunner" time="0.155">
    <testsuite name="Login" time="0.155">
      <testcase name="Login into the application" classname="Login" time="0.155">
        <error>io.cucumber.junit.UndefinedStepException: The step 'User is on login page' and 2 other step(s) are undefined.
You can implement these steps using the snippet(s) below:

@Given("User is on login page")
public void user_is_on_login_page() {
    // Write code here that turns the phrase above into concrete actions
    throw new io.cucumber.java.PendingException();
}
@When("The user gives username and Password in corresponding field and click on submit")
public void the_user_gives_username_and_password_in_corresponding_field_and_click_on_submit() {
    // Write code here that turns the phrase above into concrete actions
    throw new io.cucumber.java.PendingException();
}
@Then("user should be able to login succesfully")
public void user_should_be_able_to_login_succesfully() {
    // Write code here that turns the phrase above into concrete actions
    throw new io.cucumber.java.PendingException();
}
&#13;
&#13;
</error>
      </testcase>
    </testsuite>
  </testsuite>
</testrun>
