<?xml version="1.0" encoding="UTF-8"?>
<!-- Generated by org.testng.reporters.JUnitXMLReporter -->
<testsuite hostname="IN2321829W2" ignored="0" name="tc6" tests="4" failures="2" timestamp="2021-05-09T17:26:04 IST" time="25.527" errors="0">
  <testcase name="table2search_tc6_3_m" time="1.74" classname="E2E_project.table_testcase6"/>
  <testcase name="table2search_tc6_4_m" time="1.737" classname="E2E_project.table_testcase6">
    <failure type="java.lang.AssertionError" message="expected [larrypt] but found []">
      <![CDATA[java.lang.AssertionError: expected [larrypt] but found []
at E2E_project.table_testcase6.table2search_tc6_4_m(table_testcase6.java:136)
at java.util.ArrayList.forEach(ArrayList.java:1257)
... Removed 33 stack frames]]>
    </failure>
  </testcase> <!-- table2search_tc6_4_m -->
  <testcase name="table_tc6_1_m" time="1.042" classname="E2E_project.table_testcase6"/>
  <testcase name="table_tc6_2_m" time="1.127" classname="E2E_project.table_testcase6">
    <failure type="java.lang.AssertionError" message="Browser Issues is expected. expected [true] but found [false]">
      <![CDATA[java.lang.AssertionError: Browser Issues is expected. expected [true] but found [false]
at E2E_project.table_testcase6.table_tc6_2_m(table_testcase6.java:64)
at java.util.ArrayList.forEach(ArrayList.java:1257)
... Removed 30 stack frames]]>
    </failure>
  </testcase> <!-- table_tc6_2_m -->
</testsuite> <!-- tc6 -->
